SF:lib/modules/counterapp/view/counter_app.dart
DA:7,2
DA:9,1
DA:10,1
DA:16,1
DA:18,1
DA:19,1
DA:20,1
DA:21,1
DA:24,1
DA:25,1
DA:27,1
DA:31,1
DA:32,4
DA:33,3
DA:38,1
DA:39,1
DA:40,2
DA:47,1
LF:18
LH:18
end_of_record
SF:lib/utils/helpers/app_routes.dart
DA:33,1
DA:34,1
DA:35,0
DA:36,0
DA:37,0
DA:38,0
DA:39,0
DA:40,0
DA:41,0
DA:42,0
DA:43,0
DA:44,0
DA:45,0
DA:46,0
DA:47,0
DA:48,0
LF:16
LH:2
end_of_record
SF:lib/bloc/bloc.dart
DA:7,3
DA:8,2
DA:10,1
DA:11,2
DA:12,4
DA:17,1
DA:18,2
DA:19,1
DA:20,3
DA:24,0
DA:25,0
LF:11
LH:9
end_of_record
SF:lib/bloc/bloc_builder.dart
DA:8,1
DA:12,1
DA:14,1
DA:16,1
DA:17,2
DA:18,2
DA:19,1
DA:20,2
LF:8
LH:8
end_of_record
SF:lib/modules/counterapp/controller/counter_bloc.dart
DA:5,1
DA:7,1
DA:10,1
DA:11,3
DA:12,2
LF:5
LH:5
end_of_record
SF:lib/modules/counterapp/view_modal/counter_modal.dart
DA:3,1
LF:1
LH:1
end_of_record
SF:lib/modules/httpdemo/controller/http_bloc.dart
DA:10,0
DA:12,0
DA:15,0
DA:16,0
DA:17,0
DA:18,0
DA:19,0
DA:20,0
DA:22,0
DA:23,0
DA:24,0
DA:25,0
DA:26,0
DA:27,0
DA:30,0
DA:33,0
LF:16
LH:0
end_of_record
SF:lib/utils/customWidgets/custom_responsemodal.dart
DA:5,0
LF:1
LH:0
end_of_record
SF:lib/modules/httpdemo/view_modal/http_modal.dart
DA:7,0
LF:1
LH:0
end_of_record
SF:lib/modules/httpdemo/view/httpdemoscreen.dart
DA:11,1
DA:13,0
DA:14,0
DA:19,0
DA:21,0
DA:22,0
DA:23,0
DA:24,0
DA:26,0
DA:27,0
DA:28,0
DA:36,0
DA:38,0
DA:39,0
DA:40,0
DA:41,0
DA:43,0
DA:47,0
DA:55,0
DA:56,0
DA:63,0
DA:69,0
DA:70,0
DA:71,0
DA:80,0
DA:86,0
DA:87,0
DA:94,0
DA:95,0
DA:99,0
DA:101,0
DA:102,0
DA:111,0
LF:33
LH:1
end_of_record
SF:lib/modules/listhttpdemo/controller/list_bloc.dart
DA:11,0
DA:13,0
DA:16,0
DA:17,0
DA:18,0
DA:19,0
DA:20,0
DA:21,0
DA:23,0
DA:24,0
DA:25,0
DA:26,0
DA:27,0
DA:28,0
DA:31,0
DA:34,0
LF:16
LH:0
end_of_record
SF:lib/modules/listhttpdemo/view_modal/list_modal.dart
DA:7,0
LF:1
LH:0
end_of_record
SF:lib/modules/listhttpdemo/view/listdemoscreen.dart
DA:10,1
DA:12,0
DA:13,0
DA:19,0
DA:21,0
DA:22,0
DA:25,0
DA:27,0
DA:28,0
DA:29,0
DA:30,0
DA:32,0
DA:33,0
DA:35,0
DA:36,0
DA:37,0
DA:38,0
DA:39,0
DA:42,0
DA:43,0
DA:44,0
DA:53,0
DA:56,0
DA:58,0
DA:59,0
DA:60,0
DA:72,0
LF:27
LH:1
end_of_record
SF:lib/modules/moviescreen/view/movie_screen.dart
DA:10,1
DA:12,0
DA:13,0
DA:18,0
DA:20,0
DA:21,0
DA:25,0
DA:27,0
DA:28,0
DA:29,0
DA:33,0
DA:34,0
DA:36,0
DA:40,0
DA:41,0
DA:42,0
DA:43,0
DA:44,0
DA:47,0
DA:49,0
DA:50,0
DA:53,0
DA:55,0
DA:60,0
DA:68,0
DA:76,0
DA:77,0
DA:79,0
DA:81,0
DA:83,0
DA:84,0
DA:86,0
DA:89,0
DA:95,0
DA:96,0
DA:97,0
DA:98,0
DA:102,0
DA:103,0
DA:107,0
DA:108,0
DA:115,0
DA:116,0
DA:118,0
DA:119,0
DA:132,0
DA:133,0
DA:135,0
DA:136,0
DA:137,0
DA:138,0
DA:145,0
DA:146,0
DA:150,0
DA:154,0
DA:156,0
DA:157,0
DA:166,0
DA:171,0
DA:172,0
LF:60
LH:1
end_of_record
SF:lib/modules/moviescreen/view/movielist/movie_model.dart
DA:4,0
LF:1
LH:0
end_of_record
SF:lib/modules/moviescreen/view/moviebuzz_list.dart
DA:9,0
DA:13,0
DA:15,0
DA:16,0
DA:17,0
DA:18,0
DA:19,0
DA:21,0
DA:22,0
DA:24,0
DA:25,0
DA:26,0
DA:34,0
DA:35,0
DA:37,0
DA:38,0
DA:39,0
DA:40,0
DA:41,0
DA:42,0
DA:43,0
DA:51,0
DA:52,0
DA:53,0
DA:54,0
DA:56,0
DA:61,0
DA:62,0
DA:63,0
DA:65,0
DA:67,0
DA:68,0
DA:69,0
DA:70,0
DA:77,0
DA:79,0
DA:86,0
DA:87,0
DA:88,0
DA:91,0
DA:93,0
DA:94,0
DA:95,0
DA:101,0
DA:102,0
DA:103,0
DA:104,0
DA:105,0
DA:108,0
DA:109,0
DA:110,0
DA:116,0
DA:117,0
DA:118,0
DA:119,0
DA:121,0
DA:123,0
DA:124,0
DA:126,0
DA:128,0
DA:134,0
DA:135,0
DA:138,0
DA:142,0
LF:64
LH:0
end_of_record
SF:lib/modules/moviescreen/view/movielist/movie_list.dart
DA:6,0
DA:7,0
DA:12,0
DA:17,0
DA:22,0
DA:27,0
DA:32,0
DA:37,0
LF:8
LH:0
end_of_record
SF:lib/modules/moviescreen/view/moviebuzz/movie_buzz_list.dart
DA:6,0
DA:7,0
DA:14,0
DA:21,0
DA:28,0
DA:35,0
DA:42,0
LF:7
LH:0
end_of_record
SF:lib/modules/moviescreen/view/moviebuzz/movie_buzz_modal.dart
DA:4,0
LF:1
LH:0
end_of_record
SF:lib/modules/navigationdemo/screen1.dart
DA:10,1
DA:12,0
DA:13,0
DA:19,0
DA:23,0
DA:25,0
DA:26,0
DA:31,0
DA:32,0
DA:34,0
DA:35,0
DA:36,0
DA:37,0
DA:38,0
DA:39,0
DA:46,0
DA:50,0
DA:58,0
DA:59,0
DA:60,0
DA:61,0
DA:62,0
DA:63,0
DA:70,0
DA:76,0
DA:77,0
DA:78,0
DA:79,0
DA:80,0
DA:82,0
DA:87,0
LF:31
LH:1
end_of_record
SF:lib/modules/navigationdemo/screen2.dart
DA:6,3
DA:10,0
DA:11,0
DA:15,0
DA:17,0
DA:18,0
DA:23,0
DA:24,0
DA:26,0
DA:27,0
DA:31,0
DA:38,0
DA:39,0
DA:40,0
DA:46,0
DA:47,0
DA:49,0
DA:58,0
LF:18
LH:1
end_of_record
SF:lib/utils/helpers/app_style.dart
DA:11,0
DA:12,0
DA:13,0
LF:3
LH:0
end_of_record
SF:lib/utils/helpers/global.dart
DA:3,0
DA:5,0
LF:2
LH:0
end_of_record
SF:lib/modules/navigationdemo/screen3.dart
DA:8,1
DA:10,0
DA:11,0
DA:15,0
DA:17,0
DA:18,0
DA:23,0
DA:24,0
DA:26,0
DA:35,0
DA:37,0
DA:38,0
DA:39,0
DA:40,0
LF:14
LH:1
end_of_record
SF:lib/modules/navigationdemo/screen4.dart
DA:8,1
DA:10,0
DA:11,0
DA:15,0
DA:17,0
DA:18,0
DA:23,0
DA:24,0
DA:26,0
DA:35,0
DA:37,0
DA:38,0
DA:39,0
DA:40,0
DA:44,0
DA:45,0
LF:16
LH:1
end_of_record
SF:lib/modules/navigationdemo/screen5.dart
DA:7,2
DA:9,0
DA:10,0
DA:14,0
DA:16,0
DA:19,0
DA:20,0
DA:25,0
DA:26,0
DA:28,0
DA:34,0
DA:35,0
DA:40,0
DA:42,0
DA:43,0
LF:15
LH:1
end_of_record
SF:lib/modules/profile/view/locationmap.dart
DA:6,1
DA:8,0
DA:9,0
DA:17,0
DA:20,0
DA:21,0
DA:25,0
DA:27,0
DA:28,0
LF:9
LH:1
end_of_record
SF:lib/modules/profile/view/profileview.dart
DA:10,1
DA:12,0
DA:13,0
DA:17,0
DA:19,0
DA:20,0
DA:21,0
DA:22,0
DA:23,0
DA:24,0
DA:25,0
DA:26,0
DA:27,0
DA:33,0
DA:34,0
DA:38,0
DA:39,0
DA:40,0
DA:41,0
DA:42,0
DA:43,0
DA:50,0
DA:51,0
DA:52,0
DA:61,0
DA:62,0
DA:63,0
DA:72,0
DA:78,0
DA:84,0
DA:90,0
DA:91,0
DA:93,0
DA:94,0
DA:95,0
DA:96,0
LF:36
LH:1
end_of_record
SF:lib/modules/signup/controller/signup_bloc.dart
DA:10,0
DA:12,0
DA:17,0
DA:18,0
DA:19,0
DA:21,0
DA:23,0
DA:24,0
DA:30,0
DA:31,0
DA:32,0
DA:33,0
DA:35,0
DA:37,0
DA:38,0
DA:41,0
DA:42,0
DA:43,0
DA:44,0
DA:45,0
DA:48,0
DA:51,0
DA:52,0
DA:54,0
DA:58,0
LF:25
LH:0
end_of_record
SF:lib/modules/signup/view_modal/signup_modal.dart
DA:7,0
LF:1
LH:0
end_of_record
SF:lib/modules/signup/view/signupform.dart
DA:15,2
DA:17,0
DA:19,0
DA:44,0
DA:45,0
DA:47,0
DA:58,0
DA:60,0
DA:62,0
DA:70,0
DA:78,0
DA:79,0
DA:80,0
DA:82,0
DA:83,0
DA:84,0
DA:85,0
DA:86,0
DA:87,0
DA:88,0
DA:89,0
DA:90,0
DA:91,0
DA:92,0
DA:93,0
DA:94,0
DA:95,0
DA:97,0
DA:98,0
DA:99,0
DA:100,0
DA:108,0
DA:116,0
DA:122,0
DA:130,0
DA:131,0
DA:135,0
DA:136,0
DA:138,0
DA:139,0
DA:141,0
DA:142,0
DA:143,0
DA:144,0
DA:147,0
DA:150,0
DA:151,0
DA:156,0
DA:157,0
DA:167,0
DA:168,0
DA:172,0
DA:173,0
DA:175,0
DA:176,0
DA:178,0
DA:179,0
DA:180,0
DA:181,0
DA:184,0
DA:187,0
DA:188,0
DA:193,0
DA:194,0
DA:204,0
DA:205,0
DA:209,0
DA:210,0
DA:212,0
DA:213,0
DA:215,0
DA:216,0
DA:217,0
DA:218,0
DA:221,0
DA:232,0
DA:233,0
DA:238,0
DA:239,0
DA:249,0
DA:250,0
DA:251,0
DA:252,0
DA:254,0
DA:261,0
DA:262,0
DA:263,0
DA:266,0
DA:267,0
DA:268,0
DA:269,0
DA:270,0
DA:271,0
DA:272,0
DA:275,0
DA:276,0
DA:277,0
DA:281,0
DA:282,0
DA:291,0
DA:292,0
DA:293,0
DA:294,0
DA:296,0
LF:104
LH:1
end_of_record
SF:lib/utils/customWidgets/password_textfiled/view/password_textfiled.dart
DA:9,0
DA:17,0
DA:19,0
DA:20,0
DA:23,0
DA:24,0
DA:26,0
DA:27,0
DA:29,0
DA:31,0
DA:32,0
DA:34,0
DA:35,0
DA:37,0
DA:38,0
DA:39,0
DA:40,0
DA:45,0
DA:46,0
DA:51,0
DA:52,0
DA:57,0
DA:58,0
LF:23
LH:0
end_of_record
SF:lib/utils/customWidgets/snackbar_screen.dart
DA:5,0
DA:10,0
DA:11,0
DA:13,0
DA:21,0
LF:5
LH:0
end_of_record
SF:lib/utils/helpers/validation.dart
DA:4,0
DA:7,0
DA:14,0
DA:17,0
DA:24,0
DA:26,0
DA:28,0
DA:34,0
DA:37,0
DA:39,0
LF:10
LH:0
end_of_record
SF:lib/modules/spashscreen/splash_screen.dart
DA:10,1
DA:12,0
DA:14,0
DA:15,0
DA:17,0
DA:19,0
DA:20,0
DA:22,0
DA:42,0
DA:43,0
DA:44,0
DA:46,0
DA:48,0
LF:13
LH:1
end_of_record
SF:lib/utils/helpers/app_preferences/preference.dart
DA:4,0
DA:5,0
DA:11,0
DA:12,0
LF:4
LH:0
end_of_record
SF:lib/modules/tutorial/controller/tutorial_bloc.dart
DA:7,0
DA:9,0
DA:12,0
DA:13,0
DA:14,0
DA:15,0
DA:16,0
DA:17,0
LF:8
LH:0
end_of_record
SF:lib/modules/tutorial/view/tutorial_list.dart
DA:7,0
DA:8,0
DA:12,0
DA:16,0
DA:20,0
DA:24,0
LF:6
LH:0
end_of_record
SF:lib/modules/tutorial/view_modal/tutorial_modal.dart
DA:3,0
LF:1
LH:0
end_of_record
SF:lib/modules/tutorial/view/tutorial_model.dart
DA:4,0
LF:1
LH:0
end_of_record
SF:lib/modules/tutorial/view/tutorial_page_view.dart
DA:15,1
DA:17,0
DA:18,0
DA:27,0
DA:29,0
DA:30,0
DA:33,0
DA:35,0
DA:36,0
DA:37,0
DA:40,0
DA:41,0
DA:47,0
DA:48,0
DA:49,0
DA:53,0
DA:54,0
DA:57,0
DA:58,0
DA:61,0
DA:62,0
DA:65,0
DA:66,0
DA:67,0
DA:68,0
DA:71,0
DA:73,0
DA:74,0
DA:76,0
DA:77,0
DA:78,0
DA:79,0
DA:81,0
DA:82,0
DA:84,0
DA:85,0
DA:90,0
DA:94,0
DA:95,0
DA:96,0
DA:98,0
DA:99,0
DA:100,0
DA:101,0
DA:103,0
DA:105,0
DA:106,0
DA:107,0
DA:111,0
DA:115,0
DA:123,0
DA:124,0
DA:125,0
DA:126,0
DA:131,0
DA:132,0
DA:133,0
DA:141,0
DA:142,0
DA:143,0
DA:151,0
DA:159,0
DA:160,0
DA:163,0
DA:164,0
DA:165,0
DA:167,0
DA:168,0
DA:169,0
DA:171,0
DA:172,0
DA:173,0
DA:177,0
DA:179,0
DA:189,0
DA:190,0
DA:191,0
DA:192,0
LF:78
LH:1
end_of_record
SF:lib/utils/customWidgets/password_textfiled/controller/password_bloc.dart
DA:5,0
DA:7,0
DA:10,0
DA:11,0
DA:12,0
LF:5
LH:0
end_of_record
SF:lib/utils/customWidgets/password_textfiled/view_model/password_modal.dart
DA:4,0
LF:1
LH:0
end_of_record
SF:lib/utils/helpers/app_preferences/preference_helper.dart
DA:4,0
DA:5,0
DA:6,0
DA:9,0
DA:10,0
DA:13,0
DA:14,0
DA:17,0
DA:18,0
LF:9
LH:0
end_of_record
